;  LST file generated by mikroListExporter - v.2.0 
; Date/Time: 13/10/2020 22:13:17
;----------------------------------------------

;Address Opcode 	ASM
0x0000	0xF008EF00  	GOTO        4096
0x0004	0x0000      	NOP
0x0006	0x0000      	NOP
0x0008	0xF000EF00  	GOTO        0
0x000C	0x0000      	NOP
0x000E	0x0000      	NOP
0x0010	0x0000      	NOP
0x0012	0x0000      	NOP
0x0014	0x0000      	NOP
0x0016	0x0000      	NOP
0x0018	0xD7F3      	BRA         0
_main:
0x1000	0x0E50      	MOVLW       80
0x1002	0x6E15      	MOVWF       _checksum 
0x1004	0x6A16      	CLRF        _index 
0x1006	0x6A17      	CLRF        _CODIGO 
0x1008	0x6A18      	CLRF        24 
;main.c,33 :: 		void main(void) org 0x1000
;main.c,35 :: 		OSCCON = 0x72;                /* Use internal oscillator of 8MHz Frequency */
0x100A	0x0E72      	MOVLW       114
0x100C	0x6ED3      	MOVWF       OSCCON 
;main.c,36 :: 		PEIE_bit = 1;                 /* Enable Peripheral Interrupt */
0x100E	0x8CF2      	BSF         PEIE_bit, BitPos(PEIE_bit+0) 
;main.c,37 :: 		GIE_bit = 1;                  /* Enable Global Interrupt */
0x1010	0x8EF2      	BSF         GIE_bit, BitPos(GIE_bit+0) 
;main.c,38 :: 		CMCON = 0x07;                 /* Disable comparators */
0x1012	0x0E07      	MOVLW       7
0x1014	0x6EB4      	MOVWF       CMCON 
;main.c,40 :: 		EUSART_Init(115200);
0x1016	0x0E00      	MOVLW       0
0x1018	0x6E21      	MOVWF       FARG_EUSART_Init_baudRate 
0x101A	0x0EC2      	MOVLW       194
0x101C	0x6E22      	MOVWF       FARG_EUSART_Init_baudRate+1 
0x101E	0x0E01      	MOVLW       1
0x1020	0x6E23      	MOVWF       FARG_EUSART_Init_baudRate+2 
0x1022	0x0E00      	MOVLW       0
0x1024	0x6E24      	MOVWF       FARG_EUSART_Init_baudRate+3 
0x1026	0xDA4F      	RCALL       _EUSART_Init
;main.c,41 :: 		TIMER1_Init();
0x1028	0xDA8D      	RCALL       _TIMER1_Init
;main.c,42 :: 		ADC_Init();
0x102A	0xDA98      	RCALL       _ADC_Init
;main.c,44 :: 		Delay_ms(500);
0x102C	0x0E06      	MOVLW       6
0x102E	0x6E0B      	MOVWF       R11, 0
0x1030	0x0E13      	MOVLW       19
0x1032	0x6E0C      	MOVWF       R12, 0
0x1034	0x0EAD      	MOVLW       173
0x1036	0x6E0D      	MOVWF       R13, 0
L_main0:
0x1038	0x2E0D      	DECFSZ      R13, 1, 0
0x103A	0xD7FE      	BRA         L_main0
0x103C	0x2E0C      	DECFSZ      R12, 1, 0
0x103E	0xD7FC      	BRA         L_main0
0x1040	0x2E0B      	DECFSZ      R11, 1, 0
0x1042	0xD7FA      	BRA         L_main0
0x1044	0x0000      	NOP
0x1046	0x0000      	NOP
;main.c,46 :: 		while(1)
L_main1:
;main.c,48 :: 		Delay_ms(5);
0x1048	0x0E0D      	MOVLW       13
0x104A	0x6E0C      	MOVWF       R12, 0
0x104C	0x0EFB      	MOVLW       251
0x104E	0x6E0D      	MOVWF       R13, 0
L_main3:
0x1050	0x2E0D      	DECFSZ      R13, 1, 0
0x1052	0xD7FE      	BRA         L_main3
0x1054	0x2E0C      	DECFSZ      R12, 1, 0
0x1056	0xD7FC      	BRA         L_main3
0x1058	0x0000      	NOP
0x105A	0x0000      	NOP
;main.c,55 :: 		HIGH = (CODIGO >> 8);
0x105C	0xF01DC018  	MOVFF       _CODIGO+1, _HIGH
0x1060	0x6A1E      	CLRF        _HIGH+1 
;main.c,56 :: 		LOW = CODIGO;
0x1062	0xF01FC017  	MOVFF       _CODIGO, _LOW
0x1066	0xF020C018  	MOVFF       _CODIGO+1, _LOW+1
;main.c,58 :: 		if (CODIGO < 1023)
0x106A	0x0E03      	MOVLW       3
0x106C	0x5C18      	SUBWF       _CODIGO+1, 0 
0x106E	0xE102      	BNZ         L__main10
0x1070	0x0EFF      	MOVLW       255
0x1072	0x5C17      	SUBWF       _CODIGO, 0 
L__main10:
0x1074	0xE203      	BC          L_main4
;main.c,59 :: 		CODIGO++;
0x1076	0x4A17      	INFSNZ      _CODIGO, 1 
0x1078	0x2A18      	INCF        _CODIGO+1, 1 
0x107A	0xD002      	BRA         L_main5
L_main4:
;main.c,61 :: 		CODIGO = 0;
0x107C	0x6A17      	CLRF        _CODIGO 
0x107E	0x6A18      	CLRF        _CODIGO+1 
L_main5:
;main.c,63 :: 		ADC_Buffer[0] = HIGH;
0x1080	0xF019C01D  	MOVFF       _HIGH, _ADC_Buffer
;main.c,64 :: 		ADC_Buffer[1] = LOW;
0x1084	0xF01AC01F  	MOVFF       _LOW, _ADC_Buffer+1
;main.c,66 :: 		EUSART_WriteChar('@');
0x1088	0x0E40      	MOVLW       64
0x108A	0x6E21      	MOVWF       FARG_EUSART_WriteChar_EUSARTData 
0x108C	0xDA18      	RCALL       _EUSART_WriteChar
;main.c,67 :: 		EUSART_WriteChar('#');
0x108E	0x0E23      	MOVLW       35
0x1090	0x6E21      	MOVWF       FARG_EUSART_WriteChar_EUSARTData 
0x1092	0xDA15      	RCALL       _EUSART_WriteChar
;main.c,68 :: 		EUSART_WriteChar('$');
0x1094	0x0E24      	MOVLW       36
0x1096	0x6E21      	MOVWF       FARG_EUSART_WriteChar_EUSARTData 
0x1098	0xDA12      	RCALL       _EUSART_WriteChar
;main.c,69 :: 		checksum = 0x50;
0x109A	0x0E50      	MOVLW       80
0x109C	0x6E15      	MOVWF       _checksum 
;main.c,70 :: 		for(index = 0; index <= 1; index++) {
0x109E	0x6A16      	CLRF        _index 
L_main6:
0x10A0	0x5016      	MOVF        _index, 0 
0x10A2	0x0801      	SUBLW       1
0x10A4	0xE317      	BNC         L_main7
;main.c,71 :: 		EUSART_WriteChar(ADC_Buffer[index]);
0x10A6	0x0E19      	MOVLW       _ADC_Buffer
0x10A8	0x6EE9      	MOVWF       FSR0L 
0x10AA	0x0E00      	MOVLW       hi_addr(_ADC_Buffer)
0x10AC	0x6EEA      	MOVWF       FSR0L+1 
0x10AE	0x5016      	MOVF        _index, 0 
0x10B0	0x26E9      	ADDWF       FSR0L, 1 
0x10B2	0xB0D8      	BTFSC       STATUS, 0 
0x10B4	0x2AEA      	INCF        FSR0L+1, 1 
0x10B6	0xF021CFEE  	MOVFF       POSTINC0, FARG_EUSART_WriteChar_EUSARTData
0x10BA	0xDA01      	RCALL       _EUSART_WriteChar
;main.c,72 :: 		checksum ^= ADC_Buffer[index];
0x10BC	0x0E19      	MOVLW       _ADC_Buffer
0x10BE	0x6ED9      	MOVWF       FSR2L 
0x10C0	0x0E00      	MOVLW       hi_addr(_ADC_Buffer)
0x10C2	0x6EDA      	MOVWF       FSR2L+1 
0x10C4	0x5016      	MOVF        _index, 0 
0x10C6	0x26D9      	ADDWF       FSR2L, 1 
0x10C8	0xB0D8      	BTFSC       STATUS, 0 
0x10CA	0x2ADA      	INCF        FSR2L+1, 1 
0x10CC	0x50DE      	MOVF        POSTINC2, 0 
0x10CE	0x1A15      	XORWF       _checksum, 1 
;main.c,70 :: 		for(index = 0; index <= 1; index++) {
0x10D0	0x2A16      	INCF        _index, 1 
;main.c,73 :: 		}
0x10D2	0xD7E6      	BRA         L_main6
L_main7:
;main.c,74 :: 		EUSART_WriteChar(checksum);	// Finalizador do pacote de dados por checksum.
0x10D4	0xF021C015  	MOVFF       _checksum, FARG_EUSART_WriteChar_EUSARTData
0x10D8	0xD9F2      	RCALL       _EUSART_WriteChar
;main.c,75 :: 		}
0x10DA	0xD7B6      	BRA         L_main1
;main.c,76 :: 		}
L_end_main:
0x10DC	0xD7FF      	BRA         $+0
; end of _main
_COMFREM:
;__Lib_Math.c,922 :: 		
;__Lib_Math.c,927 :: 		
0x10DE	0x1E0B      	COMF        R11, 1, 0
;__Lib_Math.c,928 :: 		
0x10E0	0x1E0A      	COMF        R10, 1, 0
;__Lib_Math.c,929 :: 		
0x10E2	0x1E09      	COMF        R9, 1, 0
;__Lib_Math.c,930 :: 		
0x10E4	0x1E08      	COMF        R8, 1, 0
;__Lib_Math.c,931 :: 		
0x10E6	0x2A08      	INCF        R8, 1, 0
;__Lib_Math.c,932 :: 		
0x10E8	0xB4D8      	BTFSC       STATUS, 2, 0
;__Lib_Math.c,933 :: 		
0x10EA	0x2A09      	INCF        R9, 1, 0
;__Lib_Math.c,934 :: 		
0x10EC	0xB4D8      	BTFSC       STATUS, 2, 0
;__Lib_Math.c,935 :: 		
0x10EE	0x2A0A      	INCF        R10, 1, 0
;__Lib_Math.c,936 :: 		
0x10F0	0xB4D8      	BTFSC       STATUS, 2, 0
;__Lib_Math.c,937 :: 		
0x10F2	0x2A0B      	INCF        R11, 1, 0
;__Lib_Math.c,939 :: 		
L_end_COMFREM:
0x10F4	0x0012      	RETURN      0
; end of _COMFREM
_SDIV3232L:
;__Lib_Math.c,553 :: 		
;__Lib_Math.c,563 :: 		
0x10F6	0x5004      	MOVF        R4, 0, 0
;__Lib_Math.c,564 :: 		
0x10F8	0x5E08      	SUBWF       R8, 1, 0
;__Lib_Math.c,565 :: 		
0x10FA	0x5005      	MOVF        R5, 0, 0
;__Lib_Math.c,566 :: 		
0x10FC	0xA0D8      	BTFSS       STATUS, 0, 0
;__Lib_Math.c,567 :: 		
0x10FE	0x3C05      	INCFSZ      R5, 0, 0
;__Lib_Math.c,568 :: 		
0x1100	0x5E09      	SUBWF       R9, 1, 0
;__Lib_Math.c,569 :: 		
0x1102	0x5006      	MOVF        R6, 0, 0
;__Lib_Math.c,570 :: 		
0x1104	0xA0D8      	BTFSS       STATUS, 0, 0
;__Lib_Math.c,571 :: 		
0x1106	0x3C06      	INCFSZ      R6, 0, 0
;__Lib_Math.c,572 :: 		
0x1108	0x5E0A      	SUBWF       R10, 1, 0
;__Lib_Math.c,573 :: 		
0x110A	0x5007      	MOVF        R7, 0, 0
;__Lib_Math.c,574 :: 		
0x110C	0xA0D8      	BTFSS       STATUS, 0, 0
;__Lib_Math.c,575 :: 		
0x110E	0x3C07      	INCFSZ      R7, 0, 0
;__Lib_Math.c,576 :: 		
0x1110	0x5E0B      	SUBWF       R11, 1, 0
;__Lib_Math.c,577 :: 		
0x1112	0x3603      	RLCF        R3, 1, 0
;__Lib_Math.c,579 :: 		
0x1114	0x0E07      	MOVLW       7
;__Lib_Math.c,580 :: 		
0x1116	0x6E0C      	MOVWF       R12, 0
;__Lib_Math.c,582 :: 		
LOOPS3232A:
;__Lib_Math.c,583 :: 		
0x1118	0x3403      	RLCF        R3, 0, 0
;__Lib_Math.c,584 :: 		
0x111A	0x3608      	RLCF        R8, 1, 0
;__Lib_Math.c,585 :: 		
0x111C	0x3609      	RLCF        R9, 1, 0
;__Lib_Math.c,586 :: 		
0x111E	0x360A      	RLCF        R10, 1, 0
;__Lib_Math.c,587 :: 		
0x1120	0x360B      	RLCF        R11, 1, 0
;__Lib_Math.c,588 :: 		
0x1122	0x5004      	MOVF        R4, 0, 0
;__Lib_Math.c,589 :: 		
0x1124	0xA003      	BTFSS       R3, 0, 0
;__Lib_Math.c,590 :: 		
0x1126	0xD00E      	BRA         SADD22LA
;__Lib_Math.c,592 :: 		
0x1128	0x5E08      	SUBWF       R8, 1, 0
;__Lib_Math.c,593 :: 		
0x112A	0x5005      	MOVF        R5, 0, 0
;__Lib_Math.c,594 :: 		
0x112C	0xA0D8      	BTFSS       STATUS, 0, 0
;__Lib_Math.c,595 :: 		
0x112E	0x3C05      	INCFSZ      R5, 0, 0
;__Lib_Math.c,596 :: 		
0x1130	0x5E09      	SUBWF       R9, 1, 0
;__Lib_Math.c,597 :: 		
0x1132	0x5006      	MOVF        R6, 0, 0
;__Lib_Math.c,598 :: 		
0x1134	0xA0D8      	BTFSS       STATUS, 0, 0
;__Lib_Math.c,599 :: 		
0x1136	0x3C06      	INCFSZ      R6, 0, 0
;__Lib_Math.c,600 :: 		
0x1138	0x5E0A      	SUBWF       R10, 1, 0
;__Lib_Math.c,601 :: 		
0x113A	0x5007      	MOVF        R7, 0, 0
;__Lib_Math.c,602 :: 		
0x113C	0xA0D8      	BTFSS       STATUS, 0, 0
;__Lib_Math.c,603 :: 		
0x113E	0x3C07      	INCFSZ      R7, 0, 0
;__Lib_Math.c,604 :: 		
0x1140	0x5E0B      	SUBWF       R11, 1, 0
;__Lib_Math.c,605 :: 		
0x1142	0xD00D      	BRA         SOK22LA
;__Lib_Math.c,607 :: 		
SADD22LA:
;__Lib_Math.c,608 :: 		
0x1144	0x2608      	ADDWF       R8, 1, 0
;__Lib_Math.c,609 :: 		
0x1146	0x5005      	MOVF        R5, 0, 0
;__Lib_Math.c,610 :: 		
0x1148	0xB0D8      	BTFSC       STATUS, 0, 0
;__Lib_Math.c,611 :: 		
0x114A	0x3C05      	INCFSZ      R5, 0, 0
;__Lib_Math.c,612 :: 		
0x114C	0x2609      	ADDWF       R9, 1, 0
;__Lib_Math.c,613 :: 		
0x114E	0x5006      	MOVF        R6, 0, 0
;__Lib_Math.c,614 :: 		
0x1150	0xB0D8      	BTFSC       STATUS, 0, 0
;__Lib_Math.c,615 :: 		
0x1152	0x3C06      	INCFSZ      R6, 0, 0
;__Lib_Math.c,616 :: 		
0x1154	0x260A      	ADDWF       R10, 1, 0
;__Lib_Math.c,617 :: 		
0x1156	0x5007      	MOVF        R7, 0, 0
;__Lib_Math.c,618 :: 		
0x1158	0xB0D8      	BTFSC       STATUS, 0, 0
;__Lib_Math.c,619 :: 		
0x115A	0x3C07      	INCFSZ      R7, 0, 0
;__Lib_Math.c,620 :: 		
0x115C	0x260B      	ADDWF       R11, 1, 0
;__Lib_Math.c,622 :: 		
SOK22LA:
;__Lib_Math.c,623 :: 		
0x115E	0x3603      	RLCF        R3, 1, 0
;__Lib_Math.c,625 :: 		
0x1160	0x2E0C      	DECFSZ      R12, 1, 0
;__Lib_Math.c,626 :: 		
0x1162	0xD7DA      	BRA         LOOPS3232A
;__Lib_Math.c,628 :: 		
0x1164	0x3402      	RLCF        R2, 0, 0
;__Lib_Math.c,629 :: 		
0x1166	0x3608      	RLCF        R8, 1, 0
;__Lib_Math.c,630 :: 		
0x1168	0x3609      	RLCF        R9, 1, 0
;__Lib_Math.c,631 :: 		
0x116A	0x360A      	RLCF        R10, 1, 0
;__Lib_Math.c,632 :: 		
0x116C	0x360B      	RLCF        R11, 1, 0
;__Lib_Math.c,633 :: 		
0x116E	0x5004      	MOVF        R4, 0, 0
;__Lib_Math.c,634 :: 		
0x1170	0xA003      	BTFSS       R3, 0, 0
;__Lib_Math.c,635 :: 		
0x1172	0xD00E      	BRA         SADD22L8
;__Lib_Math.c,637 :: 		
0x1174	0x5E08      	SUBWF       R8, 1, 0
;__Lib_Math.c,638 :: 		
0x1176	0x5005      	MOVF        R5, 0, 0
;__Lib_Math.c,639 :: 		
0x1178	0xA0D8      	BTFSS       STATUS, 0, 0
;__Lib_Math.c,640 :: 		
0x117A	0x3C05      	INCFSZ      R5, 0, 0
;__Lib_Math.c,641 :: 		
0x117C	0x5E09      	SUBWF       R9, 1, 0
;__Lib_Math.c,642 :: 		
0x117E	0x5006      	MOVF        R6, 0, 0
;__Lib_Math.c,643 :: 		
0x1180	0xA0D8      	BTFSS       STATUS, 0, 0
;__Lib_Math.c,644 :: 		
0x1182	0x3C06      	INCFSZ      R6, 0, 0
;__Lib_Math.c,645 :: 		
0x1184	0x5E0A      	SUBWF       R10, 1, 0
;__Lib_Math.c,646 :: 		
0x1186	0x5007      	MOVF        R7, 0, 0
;__Lib_Math.c,647 :: 		
0x1188	0xA0D8      	BTFSS       STATUS, 0, 0
;__Lib_Math.c,648 :: 		
0x118A	0x3C07      	INCFSZ      R7, 0, 0
;__Lib_Math.c,649 :: 		
0x118C	0x5E0B      	SUBWF       R11, 1, 0
;__Lib_Math.c,650 :: 		
0x118E	0xD00D      	BRA         SOK22L8
;__Lib_Math.c,652 :: 		
SADD22L8:
;__Lib_Math.c,653 :: 		
0x1190	0x2608      	ADDWF       R8, 1, 0
;__Lib_Math.c,654 :: 		
0x1192	0x5005      	MOVF        R5, 0, 0
;__Lib_Math.c,655 :: 		
0x1194	0xB0D8      	BTFSC       STATUS, 0, 0
;__Lib_Math.c,656 :: 		
0x1196	0x3C05      	INCFSZ      R5, 0, 0
;__Lib_Math.c,657 :: 		
0x1198	0x2609      	ADDWF       R9, 1, 0
;__Lib_Math.c,658 :: 		
0x119A	0x5006      	MOVF        R6, 0, 0
;__Lib_Math.c,659 :: 		
0x119C	0xB0D8      	BTFSC       STATUS, 0, 0
;__Lib_Math.c,660 :: 		
0x119E	0x3C06      	INCFSZ      R6, 0, 0
;__Lib_Math.c,661 :: 		
0x11A0	0x260A      	ADDWF       R10, 1, 0
;__Lib_Math.c,662 :: 		
0x11A2	0x5007      	MOVF        R7, 0, 0
;__Lib_Math.c,663 :: 		
0x11A4	0xB0D8      	BTFSC       STATUS, 0, 0
;__Lib_Math.c,664 :: 		
0x11A6	0x3C07      	INCFSZ      R7, 0, 0
;__Lib_Math.c,665 :: 		
0x11A8	0x260B      	ADDWF       R11, 1, 0
;__Lib_Math.c,667 :: 		
SOK22L8:
;__Lib_Math.c,668 :: 		
0x11AA	0x3602      	RLCF        R2, 1, 0
;__Lib_Math.c,670 :: 		
0x11AC	0x0E07      	MOVLW       7
;__Lib_Math.c,671 :: 		
0x11AE	0x6E0C      	MOVWF       R12, 0
;__Lib_Math.c,673 :: 		
LOOPS3232B:
;__Lib_Math.c,674 :: 		
0x11B0	0x3402      	RLCF        R2, 0, 0
;__Lib_Math.c,675 :: 		
0x11B2	0x3608      	RLCF        R8, 1, 0
;__Lib_Math.c,676 :: 		
0x11B4	0x3609      	RLCF        R9, 1, 0
;__Lib_Math.c,677 :: 		
0x11B6	0x360A      	RLCF        R10, 1, 0
;__Lib_Math.c,678 :: 		
0x11B8	0x360B      	RLCF        R11, 1, 0
;__Lib_Math.c,679 :: 		
0x11BA	0x5004      	MOVF        R4, 0, 0
;__Lib_Math.c,680 :: 		
0x11BC	0xA002      	BTFSS       R2, 0, 0
;__Lib_Math.c,681 :: 		
0x11BE	0xD00E      	BRA         SADD22LB
;__Lib_Math.c,683 :: 		
0x11C0	0x5E08      	SUBWF       R8, 1, 0
;__Lib_Math.c,684 :: 		
0x11C2	0x5005      	MOVF        R5, 0, 0
;__Lib_Math.c,685 :: 		
0x11C4	0xA0D8      	BTFSS       STATUS, 0, 0
;__Lib_Math.c,686 :: 		
0x11C6	0x3C05      	INCFSZ      R5, 0, 0
;__Lib_Math.c,687 :: 		
0x11C8	0x5E09      	SUBWF       R9, 1, 0
;__Lib_Math.c,688 :: 		
0x11CA	0x5006      	MOVF        R6, 0, 0
;__Lib_Math.c,689 :: 		
0x11CC	0xA0D8      	BTFSS       STATUS, 0, 0
;__Lib_Math.c,690 :: 		
0x11CE	0x3C06      	INCFSZ      R6, 0, 0
;__Lib_Math.c,691 :: 		
0x11D0	0x5E0A      	SUBWF       R10, 1, 0
;__Lib_Math.c,692 :: 		
0x11D2	0x5007      	MOVF        R7, 0, 0
;__Lib_Math.c,693 :: 		
0x11D4	0xA0D8      	BTFSS       STATUS, 0, 0
;__Lib_Math.c,694 :: 		
0x11D6	0x3C07      	INCFSZ      R7, 0, 0
;__Lib_Math.c,695 :: 		
0x11D8	0x5E0B      	SUBWF       R11, 1, 0
;__Lib_Math.c,696 :: 		
0x11DA	0xD00D      	BRA         SOK22LB
;__Lib_Math.c,698 :: 		
SADD22LB:
;__Lib_Math.c,699 :: 		
0x11DC	0x2608      	ADDWF       R8, 1, 0
;__Lib_Math.c,700 :: 		
0x11DE	0x5005      	MOVF        R5, 0, 0
;__Lib_Math.c,701 :: 		
0x11E0	0xB0D8      	BTFSC       STATUS, 0, 0
;__Lib_Math.c,702 :: 		
0x11E2	0x3C05      	INCFSZ      R5, 0, 0
;__Lib_Math.c,703 :: 		
0x11E4	0x2609      	ADDWF       R9, 1, 0
;__Lib_Math.c,704 :: 		
0x11E6	0x5006      	MOVF        R6, 0, 0
;__Lib_Math.c,705 :: 		
0x11E8	0xB0D8      	BTFSC       STATUS, 0, 0
;__Lib_Math.c,706 :: 		
0x11EA	0x3C06      	INCFSZ      R6, 0, 0
;__Lib_Math.c,707 :: 		
0x11EC	0x260A      	ADDWF       R10, 1, 0
;__Lib_Math.c,708 :: 		
0x11EE	0x5007      	MOVF        R7, 0, 0
;__Lib_Math.c,709 :: 		
0x11F0	0xB0D8      	BTFSC       STATUS, 0, 0
;__Lib_Math.c,710 :: 		
0x11F2	0x3C07      	INCFSZ      R7, 0, 0
;__Lib_Math.c,711 :: 		
0x11F4	0x260B      	ADDWF       R11, 1, 0
;__Lib_Math.c,713 :: 		
SOK22LB:
;__Lib_Math.c,714 :: 		
0x11F6	0x3602      	RLCF        R2, 1, 0
;__Lib_Math.c,716 :: 		
0x11F8	0x2E0C      	DECFSZ      R12, 1, 0
;__Lib_Math.c,717 :: 		
0x11FA	0xD7DA      	BRA         LOOPS3232B
;__Lib_Math.c,719 :: 		
0x11FC	0x3401      	RLCF        R1, 0, 0
;__Lib_Math.c,720 :: 		
0x11FE	0x3608      	RLCF        R8, 1, 0
;__Lib_Math.c,721 :: 		
0x1200	0x3609      	RLCF        R9, 1, 0
;__Lib_Math.c,722 :: 		
0x1202	0x360A      	RLCF        R10, 1, 0
;__Lib_Math.c,723 :: 		
0x1204	0x360B      	RLCF        R11, 1, 0
;__Lib_Math.c,724 :: 		
0x1206	0x5004      	MOVF        R4, 0, 0
;__Lib_Math.c,725 :: 		
0x1208	0xA002      	BTFSS       R2, 0, 0
;__Lib_Math.c,726 :: 		
0x120A	0xD00E      	BRA         SADD22L16
;__Lib_Math.c,728 :: 		
0x120C	0x5E08      	SUBWF       R8, 1, 0
;__Lib_Math.c,729 :: 		
0x120E	0x5005      	MOVF        R5, 0, 0
;__Lib_Math.c,730 :: 		
0x1210	0xA0D8      	BTFSS       STATUS, 0, 0
;__Lib_Math.c,731 :: 		
0x1212	0x3C05      	INCFSZ      R5, 0, 0
;__Lib_Math.c,732 :: 		
0x1214	0x5E09      	SUBWF       R9, 1, 0
;__Lib_Math.c,733 :: 		
0x1216	0x5006      	MOVF        R6, 0, 0
;__Lib_Math.c,734 :: 		
0x1218	0xA0D8      	BTFSS       STATUS, 0, 0
;__Lib_Math.c,735 :: 		
0x121A	0x3C06      	INCFSZ      R6, 0, 0
;__Lib_Math.c,736 :: 		
0x121C	0x5E0A      	SUBWF       R10, 1, 0
;__Lib_Math.c,737 :: 		
0x121E	0x5007      	MOVF        R7, 0, 0
;__Lib_Math.c,738 :: 		
0x1220	0xA0D8      	BTFSS       STATUS, 0, 0
;__Lib_Math.c,739 :: 		
0x1222	0x3C07      	INCFSZ      R7, 0, 0
;__Lib_Math.c,740 :: 		
0x1224	0x5E0B      	SUBWF       R11, 1, 0
;__Lib_Math.c,741 :: 		
0x1226	0xD00D      	BRA         SOK22L16
;__Lib_Math.c,743 :: 		
SADD22L16:
;__Lib_Math.c,744 :: 		
0x1228	0x2608      	ADDWF       R8, 1, 0
;__Lib_Math.c,745 :: 		
0x122A	0x5005      	MOVF        R5, 0, 0
;__Lib_Math.c,746 :: 		
0x122C	0xB0D8      	BTFSC       STATUS, 0, 0
;__Lib_Math.c,747 :: 		
0x122E	0x3C05      	INCFSZ      R5, 0, 0
;__Lib_Math.c,748 :: 		
0x1230	0x2609      	ADDWF       R9, 1, 0
;__Lib_Math.c,749 :: 		
0x1232	0x5006      	MOVF        R6, 0, 0
;__Lib_Math.c,750 :: 		
0x1234	0xB0D8      	BTFSC       STATUS, 0, 0
;__Lib_Math.c,751 :: 		
0x1236	0x3C06      	INCFSZ      R6, 0, 0
;__Lib_Math.c,752 :: 		
0x1238	0x260A      	ADDWF       R10, 1, 0
;__Lib_Math.c,753 :: 		
0x123A	0x5007      	MOVF        R7, 0, 0
;__Lib_Math.c,754 :: 		
0x123C	0xB0D8      	BTFSC       STATUS, 0, 0
;__Lib_Math.c,755 :: 		
0x123E	0x3C07      	INCFSZ      R7, 0, 0
;__Lib_Math.c,756 :: 		
0x1240	0x260B      	ADDWF       R11, 1, 0
;__Lib_Math.c,758 :: 		
SOK22L16:
;__Lib_Math.c,759 :: 		
0x1242	0x3601      	RLCF        R1, 1, 0
;__Lib_Math.c,761 :: 		
0x1244	0x0E07      	MOVLW       7
;__Lib_Math.c,762 :: 		
0x1246	0x6E0C      	MOVWF       R12, 0
;__Lib_Math.c,764 :: 		
LOOPS3232C:
;__Lib_Math.c,765 :: 		
0x1248	0x3401      	RLCF        R1, 0, 0
;__Lib_Math.c,766 :: 		
0x124A	0x3608      	RLCF        R8, 1, 0
;__Lib_Math.c,767 :: 		
0x124C	0x3609      	RLCF        R9, 1, 0
;__Lib_Math.c,768 :: 		
0x124E	0x360A      	RLCF        R10, 1, 0
;__Lib_Math.c,769 :: 		
0x1250	0x360B      	RLCF        R11, 1, 0
;__Lib_Math.c,770 :: 		
0x1252	0x5004      	MOVF        R4, 0, 0
;__Lib_Math.c,771 :: 		
0x1254	0xA001      	BTFSS       R1, 0, 0
;__Lib_Math.c,772 :: 		
0x1256	0xD00E      	BRA         SADD22LC
;__Lib_Math.c,774 :: 		
0x1258	0x5E08      	SUBWF       R8, 1, 0
;__Lib_Math.c,775 :: 		
0x125A	0x5005      	MOVF        R5, 0, 0
;__Lib_Math.c,776 :: 		
0x125C	0xA0D8      	BTFSS       STATUS, 0, 0
;__Lib_Math.c,777 :: 		
0x125E	0x3C05      	INCFSZ      R5, 0, 0
;__Lib_Math.c,778 :: 		
0x1260	0x5E09      	SUBWF       R9, 1, 0
;__Lib_Math.c,779 :: 		
0x1262	0x5006      	MOVF        R6, 0, 0
;__Lib_Math.c,780 :: 		
0x1264	0xA0D8      	BTFSS       STATUS, 0, 0
;__Lib_Math.c,781 :: 		
0x1266	0x3C06      	INCFSZ      R6, 0, 0
;__Lib_Math.c,782 :: 		
0x1268	0x5E0A      	SUBWF       R10, 1, 0
;__Lib_Math.c,783 :: 		
0x126A	0x5007      	MOVF        R7, 0, 0
;__Lib_Math.c,784 :: 		
0x126C	0xA0D8      	BTFSS       STATUS, 0, 0
;__Lib_Math.c,785 :: 		
0x126E	0x3C07      	INCFSZ      R7, 0, 0
;__Lib_Math.c,786 :: 		
0x1270	0x5E0B      	SUBWF       R11, 1, 0
;__Lib_Math.c,787 :: 		
0x1272	0xD00D      	BRA         SOK22LC
;__Lib_Math.c,789 :: 		
SADD22LC:
;__Lib_Math.c,790 :: 		
0x1274	0x2608      	ADDWF       R8, 1, 0
;__Lib_Math.c,791 :: 		
0x1276	0x5005      	MOVF        R5, 0, 0
;__Lib_Math.c,792 :: 		
0x1278	0xB0D8      	BTFSC       STATUS, 0, 0
;__Lib_Math.c,793 :: 		
0x127A	0x3C05      	INCFSZ      R5, 0, 0
;__Lib_Math.c,794 :: 		
0x127C	0x2609      	ADDWF       R9, 1, 0
;__Lib_Math.c,795 :: 		
0x127E	0x5006      	MOVF        R6, 0, 0
;__Lib_Math.c,796 :: 		
0x1280	0xB0D8      	BTFSC       STATUS, 0, 0
;__Lib_Math.c,797 :: 		
0x1282	0x3C06      	INCFSZ      R6, 0, 0
;__Lib_Math.c,798 :: 		
0x1284	0x260A      	ADDWF       R10, 1, 0
;__Lib_Math.c,799 :: 		
0x1286	0x5007      	MOVF        R7, 0, 0
;__Lib_Math.c,800 :: 		
0x1288	0xB0D8      	BTFSC       STATUS, 0, 0
;__Lib_Math.c,801 :: 		
0x128A	0x3C07      	INCFSZ      R7, 0, 0
;__Lib_Math.c,802 :: 		
0x128C	0x260B      	ADDWF       R11, 1, 0
;__Lib_Math.c,804 :: 		
SOK22LC:
;__Lib_Math.c,805 :: 		
0x128E	0x3601      	RLCF        R1, 1, 0
;__Lib_Math.c,807 :: 		
0x1290	0x2E0C      	DECFSZ      R12, 1, 0
;__Lib_Math.c,808 :: 		
0x1292	0xD7DA      	BRA         LOOPS3232C
;__Lib_Math.c,810 :: 		
0x1294	0x3400      	RLCF        R0, 0, 0
;__Lib_Math.c,811 :: 		
0x1296	0x3608      	RLCF        R8, 1, 0
;__Lib_Math.c,812 :: 		
0x1298	0x3609      	RLCF        R9, 1, 0
;__Lib_Math.c,813 :: 		
0x129A	0x360A      	RLCF        R10, 1, 0
;__Lib_Math.c,814 :: 		
0x129C	0x360B      	RLCF        R11, 1, 0
;__Lib_Math.c,815 :: 		
0x129E	0x5004      	MOVF        R4, 0, 0
;__Lib_Math.c,816 :: 		
0x12A0	0xA001      	BTFSS       R1, 0, 0
;__Lib_Math.c,817 :: 		
0x12A2	0xD00E      	BRA         SADD22L24
;__Lib_Math.c,819 :: 		
0x12A4	0x5E08      	SUBWF       R8, 1, 0
;__Lib_Math.c,820 :: 		
0x12A6	0x5005      	MOVF        R5, 0, 0
;__Lib_Math.c,821 :: 		
0x12A8	0xA0D8      	BTFSS       STATUS, 0, 0
;__Lib_Math.c,822 :: 		
0x12AA	0x3C05      	INCFSZ      R5, 0, 0
;__Lib_Math.c,823 :: 		
0x12AC	0x5E09      	SUBWF       R9, 1, 0
;__Lib_Math.c,824 :: 		
0x12AE	0x5006      	MOVF        R6, 0, 0
;__Lib_Math.c,825 :: 		
0x12B0	0xA0D8      	BTFSS       STATUS, 0, 0
;__Lib_Math.c,826 :: 		
0x12B2	0x3C06      	INCFSZ      R6, 0, 0
;__Lib_Math.c,827 :: 		
0x12B4	0x5E0A      	SUBWF       R10, 1, 0
;__Lib_Math.c,828 :: 		
0x12B6	0x5007      	MOVF        R7, 0, 0
;__Lib_Math.c,829 :: 		
0x12B8	0xA0D8      	BTFSS       STATUS, 0, 0
;__Lib_Math.c,830 :: 		
0x12BA	0x3C07      	INCFSZ      R7, 0, 0
;__Lib_Math.c,831 :: 		
0x12BC	0x5E0B      	SUBWF       R11, 1, 0
;__Lib_Math.c,832 :: 		
0x12BE	0xD00D      	BRA         SOK22L24
;__Lib_Math.c,834 :: 		
SADD22L24:
;__Lib_Math.c,835 :: 		
0x12C0	0x2608      	ADDWF       R8, 1, 0
;__Lib_Math.c,836 :: 		
0x12C2	0x5005      	MOVF        R5, 0, 0
;__Lib_Math.c,837 :: 		
0x12C4	0xB0D8      	BTFSC       STATUS, 0, 0
;__Lib_Math.c,838 :: 		
0x12C6	0x3C05      	INCFSZ      R5, 0, 0
;__Lib_Math.c,839 :: 		
0x12C8	0x2609      	ADDWF       R9, 1, 0
;__Lib_Math.c,840 :: 		
0x12CA	0x5006      	MOVF        R6, 0, 0
;__Lib_Math.c,841 :: 		
0x12CC	0xB0D8      	BTFSC       STATUS, 0, 0
;__Lib_Math.c,842 :: 		
0x12CE	0x3C06      	INCFSZ      R6, 0, 0
;__Lib_Math.c,843 :: 		
0x12D0	0x260A      	ADDWF       R10, 1, 0
;__Lib_Math.c,844 :: 		
0x12D2	0x5007      	MOVF        R7, 0, 0
;__Lib_Math.c,845 :: 		
0x12D4	0xB0D8      	BTFSC       STATUS, 0, 0
;__Lib_Math.c,846 :: 		
0x12D6	0x3C07      	INCFSZ      R7, 0, 0
;__Lib_Math.c,847 :: 		
0x12D8	0x260B      	ADDWF       R11, 1, 0
;__Lib_Math.c,849 :: 		
SOK22L24:
;__Lib_Math.c,850 :: 		
0x12DA	0x3600      	RLCF        R0, 1, 0
;__Lib_Math.c,852 :: 		
0x12DC	0x0E07      	MOVLW       7
;__Lib_Math.c,853 :: 		
0x12DE	0x6E0C      	MOVWF       R12, 0
;__Lib_Math.c,855 :: 		
LOOPS3232D:
;__Lib_Math.c,856 :: 		
0x12E0	0x3400      	RLCF        R0, 0, 0
;__Lib_Math.c,857 :: 		
0x12E2	0x3608      	RLCF        R8, 1, 0
;__Lib_Math.c,858 :: 		
0x12E4	0x3609      	RLCF        R9, 1, 0
;__Lib_Math.c,859 :: 		
0x12E6	0x360A      	RLCF        R10, 1, 0
;__Lib_Math.c,860 :: 		
0x12E8	0x360B      	RLCF        R11, 1, 0
;__Lib_Math.c,861 :: 		
0x12EA	0x5004      	MOVF        R4, 0, 0
;__Lib_Math.c,862 :: 		
0x12EC	0xA000      	BTFSS       R0, 0, 0
;__Lib_Math.c,863 :: 		
0x12EE	0xD00E      	BRA         SADD22LD
;__Lib_Math.c,865 :: 		
0x12F0	0x5E08      	SUBWF       R8, 1, 0
;__Lib_Math.c,866 :: 		
0x12F2	0x5005      	MOVF        R5, 0, 0
;__Lib_Math.c,867 :: 		
0x12F4	0xA0D8      	BTFSS       STATUS, 0, 0
;__Lib_Math.c,868 :: 		
0x12F6	0x3C05      	INCFSZ      R5, 0, 0
;__Lib_Math.c,869 :: 		
0x12F8	0x5E09      	SUBWF       R9, 1, 0
;__Lib_Math.c,870 :: 		
0x12FA	0x5006      	MOVF        R6, 0, 0
;__Lib_Math.c,871 :: 		
0x12FC	0xA0D8      	BTFSS       STATUS, 0, 0
;__Lib_Math.c,872 :: 		
0x12FE	0x3C06      	INCFSZ      R6, 0, 0
;__Lib_Math.c,873 :: 		
0x1300	0x5E0A      	SUBWF       R10, 1, 0
;__Lib_Math.c,874 :: 		
0x1302	0x5007      	MOVF        R7, 0, 0
;__Lib_Math.c,875 :: 		
0x1304	0xA0D8      	BTFSS       STATUS, 0, 0
;__Lib_Math.c,876 :: 		
0x1306	0x3C07      	INCFSZ      R7, 0, 0
;__Lib_Math.c,877 :: 		
0x1308	0x5E0B      	SUBWF       R11, 1, 0
;__Lib_Math.c,878 :: 		
0x130A	0xD00D      	BRA         SOK22LD
;__Lib_Math.c,880 :: 		
SADD22LD:
;__Lib_Math.c,881 :: 		
0x130C	0x2608      	ADDWF       R8, 1, 0
;__Lib_Math.c,882 :: 		
0x130E	0x5005      	MOVF        R5, 0, 0
;__Lib_Math.c,883 :: 		
0x1310	0xB0D8      	BTFSC       STATUS, 0, 0
;__Lib_Math.c,884 :: 		
0x1312	0x3C05      	INCFSZ      R5, 0, 0
;__Lib_Math.c,885 :: 		
0x1314	0x2609      	ADDWF       R9, 1, 0
;__Lib_Math.c,886 :: 		
0x1316	0x5006      	MOVF        R6, 0, 0
;__Lib_Math.c,887 :: 		
0x1318	0xB0D8      	BTFSC       STATUS, 0, 0
;__Lib_Math.c,888 :: 		
0x131A	0x3C06      	INCFSZ      R6, 0, 0
;__Lib_Math.c,889 :: 		
0x131C	0x260A      	ADDWF       R10, 1, 0
;__Lib_Math.c,890 :: 		
0x131E	0x5007      	MOVF        R7, 0, 0
;__Lib_Math.c,891 :: 		
0x1320	0xB0D8      	BTFSC       STATUS, 0, 0
;__Lib_Math.c,893 :: 		
0x1322	0x3C07      	INCFSZ      R7, 0, 0
;__Lib_Math.c,894 :: 		
0x1324	0x260B      	ADDWF       R11, 1, 0
;__Lib_Math.c,896 :: 		
SOK22LD:
;__Lib_Math.c,897 :: 		
0x1326	0x3600      	RLCF        R0, 1, 0
;__Lib_Math.c,899 :: 		
0x1328	0x2E0C      	DECFSZ      R12, 1, 0
;__Lib_Math.c,900 :: 		
0x132A	0xD7DA      	BRA         LOOPS3232D
;__Lib_Math.c,902 :: 		
0x132C	0xB000      	BTFSC       R0, 0, 0
;__Lib_Math.c,903 :: 		
0x132E	0xD00E      	BRA         SOK22L
;__Lib_Math.c,904 :: 		
0x1330	0x5004      	MOVF        R4, 0, 0
;__Lib_Math.c,905 :: 		
0x1332	0x2608      	ADDWF       R8, 1, 0
;__Lib_Math.c,906 :: 		
0x1334	0x5005      	MOVF        R5, 0, 0
;__Lib_Math.c,907 :: 		
0x1336	0xB0D8      	BTFSC       STATUS, 0, 0
;__Lib_Math.c,908 :: 		
0x1338	0x3C05      	INCFSZ      R5, 0, 0
;__Lib_Math.c,909 :: 		
0x133A	0x2609      	ADDWF       R9, 1, 0
;__Lib_Math.c,910 :: 		
0x133C	0x5006      	MOVF        R6, 0, 0
;__Lib_Math.c,911 :: 		
0x133E	0xB0D8      	BTFSC       STATUS, 0, 0
;__Lib_Math.c,912 :: 		
0x1340	0x3C06      	INCFSZ      R6, 0, 0
;__Lib_Math.c,913 :: 		
0x1342	0x260A      	ADDWF       R10, 1, 0
;__Lib_Math.c,914 :: 		
0x1344	0x5007      	MOVF        R7, 0, 0
;__Lib_Math.c,915 :: 		
0x1346	0xB0D8      	BTFSC       STATUS, 0, 0
;__Lib_Math.c,916 :: 		
0x1348	0x3C07      	INCFSZ      R7, 0, 0
;__Lib_Math.c,917 :: 		
0x134A	0x260B      	ADDWF       R11, 1, 0
;__Lib_Math.c,918 :: 		
SOK22L:
;__Lib_Math.c,920 :: 		
L_end_SDIV3232L:
0x134C	0x0012      	RETURN      0
; end of _SDIV3232L
_Delay_1ms:
;__Lib_Delays.c,35 :: 		void Delay_1ms() {
;__Lib_Delays.c,36 :: 		Delay_ms(1);
0x134E	0x0E03      	MOVLW       3
0x1350	0x6E0C      	MOVWF       R12, 0
0x1352	0x0E97      	MOVLW       151
0x1354	0x6E0D      	MOVWF       R13, 0
L_Delay_1ms6:
0x1356	0x2E0D      	DECFSZ      R13, 1, 0
0x1358	0xD7FE      	BRA         L_Delay_1ms6
0x135A	0x2E0C      	DECFSZ      R12, 1, 0
0x135C	0xD7FC      	BRA         L_Delay_1ms6
0x135E	0x0000      	NOP
0x1360	0x0000      	NOP
;__Lib_Delays.c,37 :: 		}
L_end_Delay_1ms:
0x1362	0x0012      	RETURN      0
; end of _Delay_1ms
_Div_32x32_S:
;__Lib_Math.c,942 :: 		
;__Lib_Math.c,955 :: 		
0x1364	0x5004      	MOVF        R4, 0 
0x1366	0x0A00      	XORLW       0
0x1368	0xE112      	BNZ         L_Div_32x32_S6
;__Lib_Math.c,956 :: 		
0x136A	0x5005      	MOVF        R5, 0 
0x136C	0x0A00      	XORLW       0
0x136E	0xE10F      	BNZ         L_Div_32x32_S7
;__Lib_Math.c,957 :: 		
0x1370	0x5006      	MOVF        R6, 0 
0x1372	0x0A00      	XORLW       0
0x1374	0xE10C      	BNZ         L_Div_32x32_S8
;__Lib_Math.c,958 :: 		
0x1376	0x5007      	MOVF        R7, 0 
0x1378	0x0A00      	XORLW       0
0x137A	0xE109      	BNZ         L_Div_32x32_S9
;__Lib_Math.c,959 :: 		
0x137C	0x0EFF      	MOVLW       255
0x137E	0x6E00      	MOVWF       R0 
;__Lib_Math.c,960 :: 		
0x1380	0x0EFF      	MOVLW       255
0x1382	0x6E01      	MOVWF       R1 
;__Lib_Math.c,961 :: 		
0x1384	0x0EFF      	MOVLW       255
0x1386	0x6E02      	MOVWF       R2 
;__Lib_Math.c,962 :: 		
0x1388	0x0E7F      	MOVLW       127
0x138A	0x6E03      	MOVWF       R3 
;__Lib_Math.c,963 :: 		
0x138C	0xD097      	BRA         L_end_Div_32x32_S
;__Lib_Math.c,964 :: 		
L_Div_32x32_S9:
L_Div_32x32_S8:
L_Div_32x32_S7:
L_Div_32x32_S6:
;__Lib_Math.c,968 :: 		
0x138E	0x6A0C      	CLRF        R12, 0
;__Lib_Math.c,969 :: 		
0x1390	0xBE07      	BTFSC       R7, 7, 0
;__Lib_Math.c,970 :: 		
0x1392	0x2A0C      	INCF        R12, 1, 0
;__Lib_Math.c,972 :: 		
0x1394	0x6A0D      	CLRF        R13, 0
;__Lib_Math.c,973 :: 		
0x1396	0x6A0B      	CLRF        R11, 0
;__Lib_Math.c,974 :: 		
0x1398	0x6A0A      	CLRF        R10, 0
;__Lib_Math.c,975 :: 		
0x139A	0x6A09      	CLRF        R9, 0
;__Lib_Math.c,976 :: 		
0x139C	0x6A08      	CLRF        R8, 0
;__Lib_Math.c,977 :: 		
0x139E	0x5003      	MOVF        R3, 0, 0
;__Lib_Math.c,978 :: 		
0x13A0	0x1002      	IORWF       R2, 0, 0
;__Lib_Math.c,979 :: 		
0x13A2	0x1001      	IORWF       R1, 0, 0
;__Lib_Math.c,980 :: 		
0x13A4	0x1000      	IORWF       R0, 0, 0
;__Lib_Math.c,981 :: 		
0x13A6	0xB4D8      	BTFSC       STATUS, 2, 0
;__Lib_Math.c,982 :: 		
0x13A8	0xD084      	BRA         END_ALL
;__Lib_Math.c,986 :: 		
0x13AA	0x5003      	MOVF        R3, 0, 0
;__Lib_Math.c,987 :: 		
0x13AC	0x1807      	XORWF       R7, 0, 0
;__Lib_Math.c,988 :: 		
0x13AE	0x6E0E      	MOVWF       R14, 0
;__Lib_Math.c,989 :: 		
0x13B0	0xBE0E      	BTFSC       R14, 7, 0
;__Lib_Math.c,990 :: 		
0x13B2	0x1E0D      	COMF        R13, 1, 0
;__Lib_Math.c,993 :: 		
0x13B4	0xAE07      	BTFSS       R7, 7, 0
;__Lib_Math.c,994 :: 		
0x13B6	0xD00B      	BRA         CA3232S
;__Lib_Math.c,996 :: 		
0x13B8	0x1E04      	COMF        R4, 1, 0
;__Lib_Math.c,997 :: 		
0x13BA	0x1E05      	COMF        R5, 1, 0
;__Lib_Math.c,998 :: 		
0x13BC	0x1E06      	COMF        R6, 1, 0
;__Lib_Math.c,999 :: 		
0x13BE	0x1E07      	COMF        R7, 1, 0
;__Lib_Math.c,1000 :: 		
0x13C0	0x2A04      	INCF        R4, 1, 0
;__Lib_Math.c,1001 :: 		
0x13C2	0xB4D8      	BTFSC       STATUS, 2, 0
;__Lib_Math.c,1002 :: 		
0x13C4	0x2A05      	INCF        R5, 1, 0
;__Lib_Math.c,1003 :: 		
0x13C6	0xB4D8      	BTFSC       STATUS, 2, 0
;__Lib_Math.c,1004 :: 		
0x13C8	0x2A06      	INCF        R6, 1, 0
;__Lib_Math.c,1005 :: 		
0x13CA	0xB4D8      	BTFSC       STATUS, 2, 0
;__Lib_Math.c,1006 :: 		
0x13CC	0x2A07      	INCF        R7, 1, 0
;__Lib_Math.c,1008 :: 		
CA3232S:
;__Lib_Math.c,1009 :: 		
0x13CE	0xAE03      	BTFSS       R3, 7, 0
;__Lib_Math.c,1010 :: 		
0x13D0	0xD00B      	BRA         C3232SX
;__Lib_Math.c,1012 :: 		
0x13D2	0x1E00      	COMF        R0, 1, 0
;__Lib_Math.c,1013 :: 		
0x13D4	0x1E01      	COMF        R1, 1, 0
;__Lib_Math.c,1014 :: 		
0x13D6	0x1E02      	COMF        R2, 1, 0
;__Lib_Math.c,1015 :: 		
0x13D8	0x1E03      	COMF        R3, 1, 0
;__Lib_Math.c,1016 :: 		
0x13DA	0x2A00      	INCF        R0, 1, 0
;__Lib_Math.c,1017 :: 		
0x13DC	0xB4D8      	BTFSC       STATUS, 2, 0
;__Lib_Math.c,1018 :: 		
0x13DE	0x2A01      	INCF        R1, 1, 0
;__Lib_Math.c,1019 :: 		
0x13E0	0xB4D8      	BTFSC       STATUS, 2, 0
;__Lib_Math.c,1020 :: 		
0x13E2	0x2A02      	INCF        R2, 1, 0
;__Lib_Math.c,1021 :: 		
0x13E4	0xB4D8      	BTFSC       STATUS, 2, 0
;__Lib_Math.c,1022 :: 		
0x13E6	0x2A03      	INCF        R3, 1, 0
;__Lib_Math.c,1024 :: 		
C3232SX:
;__Lib_Math.c,1025 :: 		
0x13E8	0x5003      	MOVF        R3, 0, 0
;__Lib_Math.c,1026 :: 		
0x13EA	0x1007      	IORWF       R7, 0, 0
;__Lib_Math.c,1027 :: 		
0x13EC	0x6E0E      	MOVWF       R14, 0
;__Lib_Math.c,1028 :: 		
0x13EE	0xBE0E      	BTFSC       R14, 7, 0
;__Lib_Math.c,1029 :: 		
0x13F0	0xD01C      	BRA         C3232SX1
;__Lib_Math.c,1030 :: 		
C3232S:
;__Lib_Math.c,1034 :: 		
0x13F2	0xDE81      	RCALL       _SDIV3232L
;__Lib_Math.c,1038 :: 		
0x13F4	0xBE0C      	BTFSC       R12, 7, 0
;__Lib_Math.c,1039 :: 		
0x13F6	0xD036      	BRA         C3232SX4
;__Lib_Math.c,1041 :: 		
C3232SOK:
;__Lib_Math.c,1042 :: 		
0x13F8	0xAE0D      	BTFSS       R13, 7, 0
;__Lib_Math.c,1043 :: 		
0x13FA	0xD05B      	BRA         END_ALL
;__Lib_Math.c,1045 :: 		
0x13FC	0x1E00      	COMF        R0, 1, 0
;__Lib_Math.c,1046 :: 		
0x13FE	0x1E01      	COMF        R1, 1, 0
;__Lib_Math.c,1047 :: 		
0x1400	0x1E02      	COMF        R2, 1, 0
;__Lib_Math.c,1048 :: 		
0x1402	0x1E03      	COMF        R3, 1, 0
;__Lib_Math.c,1049 :: 		
0x1404	0x2A00      	INCF        R0, 1, 0
;__Lib_Math.c,1050 :: 		
0x1406	0xB4D8      	BTFSC       STATUS, 2, 0
;__Lib_Math.c,1051 :: 		
0x1408	0x2A01      	INCF        R1, 1, 0
;__Lib_Math.c,1052 :: 		
0x140A	0xB4D8      	BTFSC       STATUS, 2, 0
;__Lib_Math.c,1053 :: 		
0x140C	0x2A02      	INCF        R2, 1, 0
;__Lib_Math.c,1054 :: 		
0x140E	0xB4D8      	BTFSC       STATUS, 2, 0
;__Lib_Math.c,1055 :: 		
0x1410	0x2A03      	INCF        R3, 1, 0
;__Lib_Math.c,1057 :: 		
0x1412	0x1E08      	COMF        R8, 1, 0
;__Lib_Math.c,1058 :: 		
0x1414	0x1E09      	COMF        R9, 1, 0
;__Lib_Math.c,1059 :: 		
0x1416	0x1E0A      	COMF        R10, 1, 0
;__Lib_Math.c,1060 :: 		
0x1418	0x1E0B      	COMF        R11, 1, 0
;__Lib_Math.c,1061 :: 		
0x141A	0x2A08      	INCF        R8, 1, 0
;__Lib_Math.c,1062 :: 		
0x141C	0xB4D8      	BTFSC       STATUS, 2, 0
;__Lib_Math.c,1063 :: 		
0x141E	0x2A09      	INCF        R9, 1, 0
;__Lib_Math.c,1064 :: 		
0x1420	0xB4D8      	BTFSC       STATUS, 2, 0
;__Lib_Math.c,1065 :: 		
0x1422	0x2A0A      	INCF        R10, 1, 0
;__Lib_Math.c,1066 :: 		
0x1424	0xB4D8      	BTFSC       STATUS, 2, 0
;__Lib_Math.c,1067 :: 		
0x1426	0x2A0B      	INCF        R11, 1, 0
;__Lib_Math.c,1068 :: 		
0x1428	0xD044      	BRA         END_ALL
;__Lib_Math.c,1069 :: 		
C3232SX1:
;__Lib_Math.c,1072 :: 		
0x142A	0xAE07      	BTFSS       R7, 7, 0
;__Lib_Math.c,1073 :: 		
0x142C	0xD015      	BRA         C3232SX3
;__Lib_Math.c,1074 :: 		
0x142E	0xBE03      	BTFSC       R3, 7, 0
;__Lib_Math.c,1075 :: 		
0x1430	0xD00D      	BRA         C3232SX2
;__Lib_Math.c,1076 :: 		
0x1432	0x5003      	MOVF        R3, 0, 0
;__Lib_Math.c,1077 :: 		
0x1434	0x6E0B      	MOVWF       R11, 0
;__Lib_Math.c,1078 :: 		
0x1436	0x5002      	MOVF        R2, 0, 0
;__Lib_Math.c,1079 :: 		
0x1438	0x6E0A      	MOVWF       R10, 0
;__Lib_Math.c,1080 :: 		
0x143A	0x5001      	MOVF        R1, 0, 0
;__Lib_Math.c,1081 :: 		
0x143C	0x6E09      	MOVWF       R9, 0
;__Lib_Math.c,1082 :: 		
0x143E	0x5000      	MOVF        R0, 0, 0
;__Lib_Math.c,1083 :: 		
0x1440	0x6E08      	MOVWF       R8, 0
;__Lib_Math.c,1084 :: 		
0x1442	0x6A03      	CLRF        R3, 0
;__Lib_Math.c,1085 :: 		
0x1444	0x6A02      	CLRF        R2, 0
;__Lib_Math.c,1086 :: 		
0x1446	0x6A01      	CLRF        R1, 0
;__Lib_Math.c,1087 :: 		
0x1448	0x6A00      	CLRF        R0, 0
;__Lib_Math.c,1088 :: 		
0x144A	0xD7D6      	BRA         C3232SOK
;__Lib_Math.c,1089 :: 		
C3232SX2:
;__Lib_Math.c,1090 :: 		
0x144C	0x6A03      	CLRF        R3, 0
;__Lib_Math.c,1091 :: 		
0x144E	0x6A02      	CLRF        R2, 0
;__Lib_Math.c,1092 :: 		
0x1450	0x6A01      	CLRF        R1, 0
;__Lib_Math.c,1093 :: 		
0x1452	0x6A00      	CLRF        R0, 0
;__Lib_Math.c,1094 :: 		
0x1454	0x2A00      	INCF        R0, 1, 0
;__Lib_Math.c,1095 :: 		
0x1456	0x0C00      	RETLW       0
;__Lib_Math.c,1097 :: 		
C3232SX3:
;__Lib_Math.c,1098 :: 		
0x1458	0x1E03      	COMF        R3, 1, 0
;__Lib_Math.c,1099 :: 		
0x145A	0x1E02      	COMF        R2, 1, 0
;__Lib_Math.c,1100 :: 		
0x145C	0x1E01      	COMF        R1, 1, 0
;__Lib_Math.c,1101 :: 		
0x145E	0x1E00      	COMF        R0, 1, 0
;__Lib_Math.c,1103 :: 		
0x1460	0x8E0C      	BSF         R12, 7, 0
;__Lib_Math.c,1104 :: 		
0x1462	0xD7C7      	BRA         C3232S
;__Lib_Math.c,1105 :: 		
C3232SX4:
;__Lib_Math.c,1108 :: 		
0x1464	0x2A08      	INCF        R8, 1, 0
;__Lib_Math.c,1109 :: 		
0x1466	0xB4D8      	BTFSC       STATUS, 2, 0
;__Lib_Math.c,1110 :: 		
0x1468	0x2A09      	INCF        R9, 1, 0
;__Lib_Math.c,1111 :: 		
0x146A	0xB4D8      	BTFSC       STATUS, 2, 0
;__Lib_Math.c,1112 :: 		
0x146C	0x2A0A      	INCF        R10, 1, 0
;__Lib_Math.c,1113 :: 		
0x146E	0xB4D8      	BTFSC       STATUS, 2, 0
;__Lib_Math.c,1114 :: 		
0x1470	0x2A0B      	INCF        R11, 1, 0
;__Lib_Math.c,1115 :: 		
0x1472	0x5004      	MOVF        R4, 0, 0
;__Lib_Math.c,1116 :: 		
0x1474	0x5C08      	SUBWF       R8, 0, 0
;__Lib_Math.c,1117 :: 		
0x1476	0xA4D8      	BTFSS       STATUS, 2, 0
;__Lib_Math.c,1118 :: 		
0x1478	0xD7BF      	BRA         C3232SOK
;__Lib_Math.c,1119 :: 		
0x147A	0x5005      	MOVF        R5, 0, 0
;__Lib_Math.c,1120 :: 		
0x147C	0x5C09      	SUBWF       R9, 0, 0
;__Lib_Math.c,1121 :: 		
0x147E	0xA4D8      	BTFSS       STATUS, 2, 0
;__Lib_Math.c,1122 :: 		
0x1480	0xD7BB      	BRA         C3232SOK
;__Lib_Math.c,1123 :: 		
0x1482	0x5006      	MOVF        R6, 0, 0
;__Lib_Math.c,1124 :: 		
0x1484	0x5C0A      	SUBWF       R10, 0, 0
;__Lib_Math.c,1125 :: 		
0x1486	0xA4D8      	BTFSS       STATUS, 2, 0
;__Lib_Math.c,1126 :: 		
0x1488	0xD7B7      	BRA         C3232SOK
;__Lib_Math.c,1127 :: 		
0x148A	0x5007      	MOVF        R7, 0, 0
;__Lib_Math.c,1128 :: 		
0x148C	0x5C0B      	SUBWF       R11, 0, 0
;__Lib_Math.c,1129 :: 		
0x148E	0xA4D8      	BTFSS       STATUS, 2, 0
;__Lib_Math.c,1130 :: 		
0x1490	0xD7B3      	BRA         C3232SOK
;__Lib_Math.c,1131 :: 		
0x1492	0x6A0B      	CLRF        R11, 0
;__Lib_Math.c,1132 :: 		
0x1494	0x6A0A      	CLRF        R10, 0
;__Lib_Math.c,1133 :: 		
0x1496	0x6A09      	CLRF        R9, 0
;__Lib_Math.c,1134 :: 		
0x1498	0x6A08      	CLRF        R8, 0
;__Lib_Math.c,1135 :: 		
0x149A	0x2A00      	INCF        R0, 1, 0
;__Lib_Math.c,1136 :: 		
0x149C	0xB4D8      	BTFSC       STATUS, 2, 0
;__Lib_Math.c,1137 :: 		
0x149E	0x2A01      	INCF        R1, 1, 0
;__Lib_Math.c,1138 :: 		
0x14A0	0xB4D8      	BTFSC       STATUS, 2, 0
;__Lib_Math.c,1139 :: 		
0x14A2	0x2A02      	INCF        R2, 1, 0
;__Lib_Math.c,1140 :: 		
0x14A4	0xB4D8      	BTFSC       STATUS, 2, 0
;__Lib_Math.c,1141 :: 		
0x14A6	0x2A03      	INCF        R3, 1, 0
;__Lib_Math.c,1142 :: 		
0x14A8	0xAE03      	BTFSS       R3, 7, 0
;__Lib_Math.c,1143 :: 		
0x14AA	0xD7A6      	BRA         C3232SOK
;__Lib_Math.c,1144 :: 		
0x14AC	0x6A0E      	CLRF        R14, 0
;__Lib_Math.c,1145 :: 		
0x14AE	0x880E      	BSF         R14, 4, 0
;__Lib_Math.c,1146 :: 		
0x14B0	0x0CFF      	RETLW       255
;__Lib_Math.c,1147 :: 		
END_ALL:
;__Lib_Math.c,1148 :: 		
0x14B2	0x6A0E      	CLRF        R14, 0
;__Lib_Math.c,1149 :: 		
0x14B4	0xA00C      	BTFSS       R12, 0, 0
;__Lib_Math.c,1150 :: 		
0x14B6	0xD001      	BRA         avoid_comfrem
;__Lib_Math.c,1153 :: 		
0x14B8	0xDE12      	RCALL       _COMFREM
;__Lib_Math.c,1155 :: 		
avoid_comfrem:
;__Lib_Math.c,1156 :: 		
0x14BA	0x0F00      	ADDLW       0
;__Lib_Math.c,1158 :: 		
L_end_Div_32x32_S:
0x14BC	0x0012      	RETURN      0
; end of _Div_32x32_S
_EUSART_WriteChar:
;eusart.c,54 :: 		void EUSART_WriteChar(unsigned char EUSARTData)
;eusart.c,56 :: 		Delay_1ms();
0x14BE	0xDF47      	RCALL       _Delay_1ms
;eusart.c,57 :: 		while(!TXIF);         // Wait
L_EUSART_WriteChar1:
;eusart.c,58 :: 		TXREG = EUSARTData;   // Send character
0x14C0	0xFFADC021  	MOVFF       FARG_EUSART_WriteChar_EUSARTData, TXREG
;eusart.c,59 :: 		}
L_end_EUSART_WriteChar:
0x14C4	0x0012      	RETURN      0
; end of _EUSART_WriteChar
_EUSART_Init:
;eusart.c,10 :: 		void EUSART_Init(long baudRate)
;eusart.c,13 :: 		TRISC.RC6 = 1;         // Tx
0x14C6	0x8C94      	BSF         TRISC, 6 
;eusart.c,14 :: 		TRISC.RC7 = 1;         // Rx
0x14C8	0x8E94      	BSF         TRISC, 7 
;eusart.c,22 :: 		SPBRG = (int)(_XTAL_FREQ / (4 * baudRate)) - 1;
0x14CA	0xF004C021  	MOVFF       FARG_EUSART_Init_baudRate, R4
0x14CE	0xF005C022  	MOVFF       FARG_EUSART_Init_baudRate+1, R5
0x14D2	0xF006C023  	MOVFF       FARG_EUSART_Init_baudRate+2, R6
0x14D6	0xF007C024  	MOVFF       FARG_EUSART_Init_baudRate+3, R7
0x14DA	0x3604      	RLCF        R4, 1 
0x14DC	0x9004      	BCF         R4, 0 
0x14DE	0x3605      	RLCF        R5, 1 
0x14E0	0x3606      	RLCF        R6, 1 
0x14E2	0x3607      	RLCF        R7, 1 
0x14E4	0x3604      	RLCF        R4, 1 
0x14E6	0x9004      	BCF         R4, 0 
0x14E8	0x3605      	RLCF        R5, 1 
0x14EA	0x3606      	RLCF        R6, 1 
0x14EC	0x3607      	RLCF        R7, 1 
0x14EE	0x0E00      	MOVLW       0
0x14F0	0x6E00      	MOVWF       R0 
0x14F2	0x0E12      	MOVLW       18
0x14F4	0x6E01      	MOVWF       R1 
0x14F6	0x0E7A      	MOVLW       122
0x14F8	0x6E02      	MOVWF       R2 
0x14FA	0x0E00      	MOVLW       0
0x14FC	0x6E03      	MOVWF       R3 
0x14FE	0xDF32      	RCALL       _Div_32x32_S
0x1500	0x0400      	DECF        R0, 0 
0x1502	0x6EAF      	MOVWF       SPBRG 
;eusart.c,25 :: 		TXSTA.CSRC = 0;           // Clock source - assync = don't care
0x1504	0x9EAC      	BCF         TXSTA, 7 
;eusart.c,26 :: 		TXSTA.TX9 = 0;            // 8-bit transmission
0x1506	0x9CAC      	BCF         TXSTA, 6 
;eusart.c,27 :: 		TXSTA.TXEN = 1;           // Enable transmission
0x1508	0x8AAC      	BSF         TXSTA, 5 
;eusart.c,28 :: 		TXSTA.SYNC = 0;           // Assynchronous mode
0x150A	0x98AC      	BCF         TXSTA, 4 
;eusart.c,29 :: 		TXSTA.SENDB = 0;          // Sync break transmission completed
0x150C	0x96AC      	BCF         TXSTA, 3 
;eusart.c,30 :: 		TXSTA.BRGH = 1;           // High-speed mode
0x150E	0x84AC      	BSF         TXSTA, 2 
;eusart.c,31 :: 		TXSTA.TRMT = 0;           // Transmit shift register empty
0x1510	0x92AC      	BCF         TXSTA, 1 
;eusart.c,32 :: 		TXSTA.TX9D = 0;           // 9-bit transmit data
0x1512	0x90AC      	BCF         TXSTA, 0 
;eusart.c,35 :: 		RCSTA.SPEN = 1;           // Serial port enable bit
0x1514	0x8EAB      	BSF         RCSTA, 7 
;eusart.c,36 :: 		RCSTA.RX9 = 0;            // 8-bit receive
0x1516	0x9CAB      	BCF         RCSTA, 6 
;eusart.c,37 :: 		RCSTA.SREN = 0;           // Single receibe - assync = don't care
0x1518	0x9AAB      	BCF         RCSTA, 5 
;eusart.c,38 :: 		RCSTA.CREN = 1;           // Enable continuous receiver
0x151A	0x88AB      	BSF         RCSTA, 4 
;eusart.c,39 :: 		RCSTA.ADDEN = 0;          // Adress detect - assync = don't care
0x151C	0x96AB      	BCF         RCSTA, 3 
;eusart.c,40 :: 		RCSTA.FERR = 0;           // Framing error
0x151E	0x94AB      	BCF         RCSTA, 2 
;eusart.c,41 :: 		RCSTA.OERR = 0;           // Overrun error enabled
0x1520	0x92AB      	BCF         RCSTA, 1 
;eusart.c,42 :: 		RCSTA.RX9D = 0;           // 9-bit receive data
0x1522	0x90AB      	BCF         RCSTA, 0 
;eusart.c,45 :: 		BAUDCON.ABDOVF = 0;
0x1524	0x9EB8      	BCF         BAUDCON, 7 
;eusart.c,46 :: 		BAUDCON.RCIDL  = 0;
0x1526	0x9CB8      	BCF         BAUDCON, 6 
;eusart.c,47 :: 		BAUDCON.RXDTP  = 0;
0x1528	0x9AB8      	BCF         BAUDCON, 5 
;eusart.c,48 :: 		BAUDCON.TXCKP  = 0;
0x152A	0x98B8      	BCF         BAUDCON, 4 
;eusart.c,49 :: 		BAUDCON.BRG16  = 1;         // 16-bit baud
0x152C	0x86B8      	BSF         BAUDCON, 3 
;eusart.c,50 :: 		BAUDCON.WUE    = 0;
0x152E	0x92B8      	BCF         BAUDCON, 1 
;eusart.c,51 :: 		BAUDCON.ABDEN  = 0;
0x1530	0x90B8      	BCF         BAUDCON, 0 
;eusart.c,52 :: 		}
L_end_EUSART_Init:
0x1532	0x0012      	RETURN      0
; end of _EUSART_Init
___CC2DW:
;__Lib_System.c,21 :: 		
;__Lib_System.c,23 :: 		
_CC2DL_Loop1:
;__Lib_System.c,24 :: 		
0x1534	0x0009      	TBLRD*+
;__Lib_System.c,25 :: 		
0x1536	0xFFE6CFF5  	MOVFF       TABLAT, POSTINC1
;__Lib_System.c,26 :: 		
0x153A	0x0600      	DECF        R0, 1, 0
;__Lib_System.c,27 :: 		
0x153C	0xE1FB      	BNZ         _CC2DL_Loop1
;__Lib_System.c,28 :: 		
0x153E	0x0601      	DECF        R1, 1, 0
;__Lib_System.c,29 :: 		
0x1540	0xE1F9      	BNZ         _CC2DL_Loop1
;__Lib_System.c,31 :: 		
L_end___CC2DW:
0x1542	0x0012      	RETURN      0
; end of ___CC2DW
_TIMER1_Init:
;timers.c,26 :: 		void TIMER1_Init(void)
;timers.c,29 :: 		T1CON.RD16    = 1;    // 16-Bit Read/Write Mode Enable bit (0-8bits, 1-16bits).
0x1544	0x8ECD      	BSF         T1CON, 7 
;timers.c,30 :: 		T1CON.T1RUN   = 1;    // Timer1 System Clock Status bit.
0x1546	0x8CCD      	BSF         T1CON, 6 
;timers.c,31 :: 		T1CON.T1CKPS1 = 0;    // 11 = 1:8 Prescale value
0x1548	0x9ACD      	BCF         T1CON, 5 
;timers.c,32 :: 		T1CON.T1CKPS0 = 0;    // 10 = 1:4 Prescale value
0x154A	0x98CD      	BCF         T1CON, 4 
;timers.c,35 :: 		T1CON.T1OSCEN = 0;
0x154C	0x96CD      	BCF         T1CON, 3 
;timers.c,36 :: 		T1CON.T1SYNC  = 1;
0x154E	0x84CD      	BSF         T1CON, 2 
;timers.c,37 :: 		T1CON.TMR1CS  = 0;    // Timer1 Clock Source Select bit (0-Fosc/4, 1-RC0/T1OSO/T13CKI pin).
0x1550	0x92CD      	BCF         T1CON, 1 
;timers.c,38 :: 		T1CON.TMR1ON  = 1;    // Timer1 enabled
0x1552	0x80CD      	BSF         T1CON, 0 
;timers.c,40 :: 		INTCON.TMR1IE = 1;    /* Enable Timer1 Overflow Interrupt */
0x1554	0x80F2      	BSF         INTCON, 0 
;timers.c,41 :: 		INTCON.TMR1IF = 0;
0x1556	0x90F2      	BCF         INTCON, 0 
;timers.c,42 :: 		PIE1.TMR1IE   = 1;    /* Enable Timer1 peripheral interrupt */
0x1558	0x809D      	BSF         PIE1, 0 
;timers.c,45 :: 		}
L_end_TIMER1_Init:
0x155A	0x0012      	RETURN      0
; end of _TIMER1_Init
_ADC_Init:
;adc.c,9 :: 		void ADC_Init(void)
;adc.c,11 :: 		TRISA = 0b00000001;       /* AN0 as input port */
0x155C	0x0E01      	MOVLW       1
0x155E	0x6E92      	MOVWF       TRISA 
;adc.c,12 :: 		ADCON1 = 0b00001110;       /* AN0 as analog input port */
0x1560	0x0E0E      	MOVLW       14
0x1562	0x6EC1      	MOVWF       ADCON1 
;adc.c,13 :: 		ADRESH = 0;               /*Flush ADC output Register*/
0x1564	0x6AC4      	CLRF        ADRESH 
;adc.c,14 :: 		ADRESL = 0;
0x1566	0x6AC3      	CLRF        ADRESL 
;adc.c,15 :: 		}
L_end_ADC_Init:
0x1568	0x0012      	RETURN      0
; end of _ADC_Init
Symbol List:
//** Routines locations **
//ADDRESS    SIZE    PROCEDURE
//----------------------------------------------
0x1000     [222]    _main
0x10DE      [24]    _COMFREM
0x10F6     [600]    _SDIV3232L
0x134E      [22]    _Delay_1ms
0x1364     [346]    _Div_32x32_S
0x14BE       [8]    _EUSART_WriteChar
0x14C6     [110]    _EUSART_Init
0x1534      [16]    ___CC2DW
0x1544      [24]    _TIMER1_Init
0x155C      [14]    _ADC_Init
//** Variables locations ** 
//ADDRESS    SIZE    VARIABLE
//----------------------------------------------
0x0000       [1]    R0
0x0001       [1]    R1
0x0002       [1]    R2
0x0003       [1]    R3
0x0004       [1]    R4
0x0005       [1]    R5
0x0006       [1]    R6
0x0007       [1]    R7
0x0008       [1]    R8
0x0009       [1]    R9
0x000A       [1]    R10
0x000B       [1]    R11
0x000C       [1]    R12
0x000D       [1]    R13
0x000E       [1]    R14
0x000F       [1]    R15
0x0010       [1]    R16
0x0011       [1]    R17
0x0012       [1]    R18
0x0013       [1]    R19
0x0014       [1]    R20
0x0015       [1]    _checksum
0x0016       [1]    _index
0x0017       [2]    _CODIGO
0x0019       [4]    _ADC_Buffer
0x001D       [2]    _HIGH
0x001F       [2]    _LOW
0x0021       [1]    FARG_EUSART_WriteChar_EUSARTData
0x0021       [4]    FARG_EUSART_Init_baudRate
0x0F92       [1]    TRISA
0x0F94       [1]    TRISC
0x0F9D       [1]    PIE1
0x0FAB       [1]    RCSTA
0x0FAC       [1]    TXSTA
0x0FAD       [1]    TXREG
0x0FAF       [1]    SPBRG
0x0FB4       [1]    CMCON
0x0FB8       [1]    BAUDCON
0x0FC1       [1]    ADCON1
0x0FC3       [1]    ADRESL
0x0FC4       [1]    ADRESH
0x0FCD       [1]    T1CON
0x0FD3       [1]    OSCCON
0x0FD8       [1]    STATUS
0x0FD9       [1]    FSR2L
0x0FDA       [1]    FSR2H
0x0FDE       [1]    POSTINC2
0x0FE0       [1]    BSR
0x0FE1       [1]    FSR1L
0x0FE2       [1]    FSR1H
0x0FE4       [1]    PREINC1
0x0FE6       [1]    POSTINC1
0x0FE7       [1]    INDF1
0x0FE8       [1]    WREG
0x0FE9       [1]    FSR0L
0x0FEA       [1]    FSR0H
0x0FEE       [1]    POSTINC0
0x0FF2       [0]    PEIE_bit
0x0FF2       [1]    INTCON
0x0FF2       [0]    GIE_bit
0x0FF3       [1]    PRODL
0x0FF4       [1]    PRODH
0x0FF5       [1]    TABLAT
0x0FF6       [1]    TBLPTRL
0x0FF7       [1]    TBLPTRH
0x0FF8       [1]    TBLPTRU
